[2023-01-12T12:21:00.293281+01:00] movary.EMERGENCY: An exception occurred in the driver: SQLSTATE[HY000] [2002] Connection refused {"exception":"[object] (Doctrine\\DBAL\\Exception\\ConnectionException(code: 2002): An exception occurred in the driver: SQLSTATE[HY000] [2002] Connection refused at /app/vendor/doctrine/dbal/src/Driver/API/MySQL/ExceptionConverter.php:101)
[stacktrace]
#0 /app/vendor/doctrine/dbal/src/Connection.php(1907): Doctrine\\DBAL\\Driver\\API\\MySQL\\ExceptionConverter->convert(Object(Doctrine\\DBAL\\Driver\\PDO\\Exception), NULL)
#1 /app/vendor/doctrine/dbal/src/Connection.php(1856): Doctrine\\DBAL\\Connection->handleDriverException(Object(Doctrine\\DBAL\\Driver\\PDO\\Exception), NULL)
#2 /app/vendor/doctrine/dbal/src/Connection.php(347): Doctrine\\DBAL\\Connection->convertException(Object(Doctrine\\DBAL\\Driver\\PDO\\Exception))
#3 /app/vendor/doctrine/dbal/src/Connection.php(1618): Doctrine\\DBAL\\Connection->connect()
#4 /app/vendor/doctrine/dbal/src/Connection.php(1045): Doctrine\\DBAL\\Connection->getWrappedConnection()
#5 /app/vendor/doctrine/dbal/src/Connection.php(585): Doctrine\\DBAL\\Connection->executeQuery('SELECT `expirat...', Array, Array)
#6 /app/src/Domain/User/UserRepository.php(146): Doctrine\\DBAL\\Connection->fetchOne('SELECT `expirat...', Array)
#7 /app/src/Domain/User/Service/Authentication.php(159): Movary\\Domain\\User\\UserRepository->findAuthTokenExpirationDate('27ebcbf3586029c...')
#8 /app/src/Domain/User/Service/Authentication.php(58): Movary\\Domain\\User\\Service\\Authentication->isValidToken('27ebcbf3586029c...')
#9 /app/src/Factory.php(254): Movary\\Domain\\User\\Service\\Authentication->isUserAuthenticated()
#10 [internal function]: Movary\\Factory::createTwigEnvironment(Object(DI\\Container))
#11 /app/vendor/php-di/invoker/src/Invoker.php(74): call_user_func_array(Array, Array)
#12 /app/vendor/php-di/php-di/src/Definition/Resolver/FactoryResolver.php(80): Invoker\\Invoker->call(Array, Array)
#13 /app/vendor/php-di/php-di/src/Definition/Resolver/ResolverDispatcher.php(71): DI\\Definition\\Resolver\\FactoryResolver->resolve(Object(DI\\Definition\\FactoryDefinition), Array)
#14 /app/vendor/php-di/php-di/src/Container.php(390): DI\\Definition\\Resolver\\ResolverDispatcher->resolve(Object(DI\\Definition\\FactoryDefinition), Array)
#15 /app/vendor/php-di/php-di/src/Container.php(139): DI\\Container->resolveDefinition(Object(DI\\Definition\\FactoryDefinition))
#16 /app/vendor/php-di/php-di/src/Definition/Reference.php(53): DI\\Container->get('Twig\\\\Environmen...')
#17 /app/vendor/php-di/php-di/src/Definition/Resolver/ResolverDispatcher.php(66): DI\\Definition\\Reference->resolve(Object(DI\\Container))
#18 /app/vendor/php-di/php-di/src/Definition/Resolver/ParameterResolver.php(78): DI\\Definition\\Resolver\\ResolverDispatcher->resolve(Object(DI\\Definition\\Reference))
#19 /app/vendor/php-di/php-di/src/Definition/Resolver/ObjectCreator.php(138): DI\\Definition\\Resolver\\ParameterResolver->resolveParameters(Object(DI\\Definition\\ObjectDefinition\\MethodInjection), Object(ReflectionMethod), Array)
#20 /app/vendor/php-di/php-di/src/Definition/Resolver/ObjectCreator.php(71): DI\\Definition\\Resolver\\ObjectCreator->createInstance(Object(DI\\Definition\\ObjectDefinition), Array)
#21 /app/vendor/php-di/php-di/src/Definition/Resolver/ResolverDispatcher.php(71): DI\\Definition\\Resolver\\ObjectCreator->resolve(Object(DI\\Definition\\ObjectDefinition), Array)
#22 /app/vendor/php-di/php-di/src/Container.php(390): DI\\Definition\\Resolver\\ResolverDispatcher->resolve(Object(DI\\Definition\\ObjectDefinition), Array)
#23 /app/vendor/php-di/php-di/src/Container.php(139): DI\\Container->resolveDefinition(Object(DI\\Definition\\ObjectDefinition))
#24 /app/vendor/php-di/invoker/src/CallableResolver.php(84): DI\\Container->get('Movary\\\\HttpCont...')
#25 /app/vendor/php-di/invoker/src/CallableResolver.php(38): Invoker\\CallableResolver->resolveFromContainer(Array)
#26 /app/vendor/php-di/invoker/src/Invoker.php(46): Invoker\\CallableResolver->resolve(Array)
#27 /app/vendor/php-di/php-di/src/Container.php(279): Invoker\\Invoker->call(Array, Array)
#28 /app/public/index.php(38): DI\\Container->call(Array, Array)
#29 {main}

[previous exception] [object] (Doctrine\\DBAL\\Driver\\PDO\\Exception(code: 2002): SQLSTATE[HY000] [2002] Connection refused at /app/vendor/doctrine/dbal/src/Driver/PDO/Exception.php:28)
[stacktrace]
#0 /app/vendor/doctrine/dbal/src/Driver/PDO/MySQL/Driver.php(34): Doctrine\\DBAL\\Driver\\PDO\\Exception::new(Object(PDOException))
#1 /app/vendor/doctrine/dbal/src/Connection.php(345): Doctrine\\DBAL\\Driver\\PDO\\MySQL\\Driver->connect(Array)
#2 /app/vendor/doctrine/dbal/src/Connection.php(1618): Doctrine\\DBAL\\Connection->connect()
#3 /app/vendor/doctrine/dbal/src/Connection.php(1045): Doctrine\\DBAL\\Connection->getWrappedConnection()
#4 /app/vendor/doctrine/dbal/src/Connection.php(585): Doctrine\\DBAL\\Connection->executeQuery('SELECT `expirat...', Array, Array)
#5 /app/src/Domain/User/UserRepository.php(146): Doctrine\\DBAL\\Connection->fetchOne('SELECT `expirat...', Array)
#6 /app/src/Domain/User/Service/Authentication.php(159): Movary\\Domain\\User\\UserRepository->findAuthTokenExpirationDate('27ebcbf3586029c...')
#7 /app/src/Domain/User/Service/Authentication.php(58): Movary\\Domain\\User\\Service\\Authentication->isValidToken('27ebcbf3586029c...')
#8 /app/src/Factory.php(254): Movary\\Domain\\User\\Service\\Authentication->isUserAuthenticated()
#9 [internal function]: Movary\\Factory::createTwigEnvironment(Object(DI\\Container))
#10 /app/vendor/php-di/invoker/src/Invoker.php(74): call_user_func_array(Array, Array)
#11 /app/vendor/php-di/php-di/src/Definition/Resolver/FactoryResolver.php(80): Invoker\\Invoker->call(Array, Array)
#12 /app/vendor/php-di/php-di/src/Definition/Resolver/ResolverDispatcher.php(71): DI\\Definition\\Resolver\\FactoryResolver->resolve(Object(DI\\Definition\\FactoryDefinition), Array)
#13 /app/vendor/php-di/php-di/src/Container.php(390): DI\\Definition\\Resolver\\ResolverDispatcher->resolve(Object(DI\\Definition\\FactoryDefinition), Array)
#14 /app/vendor/php-di/php-di/src/Container.php(139): DI\\Container->resolveDefinition(Object(DI\\Definition\\FactoryDefinition))
#15 /app/vendor/php-di/php-di/src/Definition/Reference.php(53): DI\\Container->get('Twig\\\\Environmen...')
#16 /app/vendor/php-di/php-di/src/Definition/Resolver/ResolverDispatcher.php(66): DI\\Definition\\Reference->resolve(Object(DI\\Container))
#17 /app/vendor/php-di/php-di/src/Definition/Resolver/ParameterResolver.php(78): DI\\Definition\\Resolver\\ResolverDispatcher->resolve(Object(DI\\Definition\\Reference))
#18 /app/vendor/php-di/php-di/src/Definition/Resolver/ObjectCreator.php(138): DI\\Definition\\Resolver\\ParameterResolver->resolveParameters(Object(DI\\Definition\\ObjectDefinition\\MethodInjection), Object(ReflectionMethod), Array)
#19 /app/vendor/php-di/php-di/src/Definition/Resolver/ObjectCreator.php(71): DI\\Definition\\Resolver\\ObjectCreator->createInstance(Object(DI\\Definition\\ObjectDefinition), Array)
#20 /app/vendor/php-di/php-di/src/Definition/Resolver/ResolverDispatcher.php(71): DI\\Definition\\Resolver\\ObjectCreator->resolve(Object(DI\\Definition\\ObjectDefinition), Array)
#21 /app/vendor/php-di/php-di/src/Container.php(390): DI\\Definition\\Resolver\\ResolverDispatcher->resolve(Object(DI\\Definition\\ObjectDefinition), Array)
#22 /app/vendor/php-di/php-di/src/Container.php(139): DI\\Container->resolveDefinition(Object(DI\\Definition\\ObjectDefinition))
#23 /app/vendor/php-di/invoker/src/CallableResolver.php(84): DI\\Container->get('Movary\\\\HttpCont...')
#24 /app/vendor/php-di/invoker/src/CallableResolver.php(38): Invoker\\CallableResolver->resolveFromContainer(Array)
#25 /app/vendor/php-di/invoker/src/Invoker.php(46): Invoker\\CallableResolver->resolve(Array)
#26 /app/vendor/php-di/php-di/src/Container.php(279): Invoker\\Invoker->call(Array, Array)
#27 /app/public/index.php(38): DI\\Container->call(Array, Array)
#28 {main}

[previous exception] [object] (PDOException(code: 2002): SQLSTATE[HY000] [2002] Connection refused at /app/vendor/doctrine/dbal/src/Driver/PDO/MySQL/Driver.php:28)
[stacktrace]
#0 /app/vendor/doctrine/dbal/src/Driver/PDO/MySQL/Driver.php(28): PDO->__construct('mysql:host=mysq...', 'movary', 'movary', Array)
#1 /app/vendor/doctrine/dbal/src/Connection.php(345): Doctrine\\DBAL\\Driver\\PDO\\MySQL\\Driver->connect(Array)
#2 /app/vendor/doctrine/dbal/src/Connection.php(1618): Doctrine\\DBAL\\Connection->connect()
#3 /app/vendor/doctrine/dbal/src/Connection.php(1045): Doctrine\\DBAL\\Connection->getWrappedConnection()
#4 /app/vendor/doctrine/dbal/src/Connection.php(585): Doctrine\\DBAL\\Connection->executeQuery('SELECT `expirat...', Array, Array)
#5 /app/src/Domain/User/UserRepository.php(146): Doctrine\\DBAL\\Connection->fetchOne('SELECT `expirat...', Array)
#6 /app/src/Domain/User/Service/Authentication.php(159): Movary\\Domain\\User\\UserRepository->findAuthTokenExpirationDate('27ebcbf3586029c...')
#7 /app/src/Domain/User/Service/Authentication.php(58): Movary\\Domain\\User\\Service\\Authentication->isValidToken('27ebcbf3586029c...')
#8 /app/src/Factory.php(254): Movary\\Domain\\User\\Service\\Authentication->isUserAuthenticated()
#9 [internal function]: Movary\\Factory::createTwigEnvironment(Object(DI\\Container))
#10 /app/vendor/php-di/invoker/src/Invoker.php(74): call_user_func_array(Array, Array)
#11 /app/vendor/php-di/php-di/src/Definition/Resolver/FactoryResolver.php(80): Invoker\\Invoker->call(Array, Array)
#12 /app/vendor/php-di/php-di/src/Definition/Resolver/ResolverDispatcher.php(71): DI\\Definition\\Resolver\\FactoryResolver->resolve(Object(DI\\Definition\\FactoryDefinition), Array)
#13 /app/vendor/php-di/php-di/src/Container.php(390): DI\\Definition\\Resolver\\ResolverDispatcher->resolve(Object(DI\\Definition\\FactoryDefinition), Array)
#14 /app/vendor/php-di/php-di/src/Container.php(139): DI\\Container->resolveDefinition(Object(DI\\Definition\\FactoryDefinition))
#15 /app/vendor/php-di/php-di/src/Definition/Reference.php(53): DI\\Container->get('Twig\\\\Environmen...')
#16 /app/vendor/php-di/php-di/src/Definition/Resolver/ResolverDispatcher.php(66): DI\\Definition\\Reference->resolve(Object(DI\\Container))
#17 /app/vendor/php-di/php-di/src/Definition/Resolver/ParameterResolver.php(78): DI\\Definition\\Resolver\\ResolverDispatcher->resolve(Object(DI\\Definition\\Reference))
#18 /app/vendor/php-di/php-di/src/Definition/Resolver/ObjectCreator.php(138): DI\\Definition\\Resolver\\ParameterResolver->resolveParameters(Object(DI\\Definition\\ObjectDefinition\\MethodInjection), Object(ReflectionMethod), Array)
#19 /app/vendor/php-di/php-di/src/Definition/Resolver/ObjectCreator.php(71): DI\\Definition\\Resolver\\ObjectCreator->createInstance(Object(DI\\Definition\\ObjectDefinition), Array)
#20 /app/vendor/php-di/php-di/src/Definition/Resolver/ResolverDispatcher.php(71): DI\\Definition\\Resolver\\ObjectCreator->resolve(Object(DI\\Definition\\ObjectDefinition), Array)
#21 /app/vendor/php-di/php-di/src/Container.php(390): DI\\Definition\\Resolver\\ResolverDispatcher->resolve(Object(DI\\Definition\\ObjectDefinition), Array)
#22 /app/vendor/php-di/php-di/src/Container.php(139): DI\\Container->resolveDefinition(Object(DI\\Definition\\ObjectDefinition))
#23 /app/vendor/php-di/invoker/src/CallableResolver.php(84): DI\\Container->get('Movary\\\\HttpCont...')
#24 /app/vendor/php-di/invoker/src/CallableResolver.php(38): Invoker\\CallableResolver->resolveFromContainer(Array)
#25 /app/vendor/php-di/invoker/src/Invoker.php(46): Invoker\\CallableResolver->resolve(Array)
#26 /app/vendor/php-di/php-di/src/Container.php(279): Invoker\\Invoker->call(Array, Array)
#27 /app/public/index.php(38): DI\\Container->call(Array, Array)
#28 {main}
"} []
[2023-01-12T12:22:08.226106+01:00] movary.EMERGENCY: An exception occurred while executing a query: SQLSTATE[42S22]: Column not found: 1054 Unknown column 'jellyfin_webhook_uuid' in 'field list' {"exception":"[object] (Doctrine\\DBAL\\Exception\\InvalidFieldNameException(code: 1054): An exception occurred while executing a query: SQLSTATE[42S22]: Column not found: 1054 Unknown column 'jellyfin_webhook_uuid' in 'field list' at /app/vendor/doctrine/dbal/src/Driver/API/MySQL/ExceptionConverter.php:67)
[stacktrace]
#0 /app/vendor/doctrine/dbal/src/Connection.php(1907): Doctrine\\DBAL\\Driver\\API\\MySQL\\ExceptionConverter->convert(Object(Doctrine\\DBAL\\Driver\\PDO\\Exception), Object(Doctrine\\DBAL\\Query))
#1 /app/vendor/doctrine/dbal/src/Connection.php(1850): Doctrine\\DBAL\\Connection->handleDriverException(Object(Doctrine\\DBAL\\Driver\\PDO\\Exception), Object(Doctrine\\DBAL\\Query))
#2 /app/vendor/doctrine/dbal/src/Connection.php(1069): Doctrine\\DBAL\\Connection->convertExceptionDuringQuery(Object(Doctrine\\DBAL\\Driver\\PDO\\Exception), 'SELECT `jellyfi...', Array, Array)
#3 /app/vendor/doctrine/dbal/src/Connection.php(585): Doctrine\\DBAL\\Connection->executeQuery('SELECT `jellyfi...', Array, Array)
#4 /app/src/Domain/User/UserRepository.php(168): Doctrine\\DBAL\\Connection->fetchOne('SELECT `jellyfi...', Array)
#5 /app/src/Domain/User/UserApi.php(90): Movary\\Domain\\User\\UserRepository->findJellyfinWebhookId(1)
#6 /app/src/HttpController/JellyfinController.php(40): Movary\\Domain\\User\\UserApi->findJellyfinWebhookId(1)
#7 [internal function]: Movary\\HttpController\\JellyfinController->getJellyfinWebhookId()
#8 /app/vendor/php-di/invoker/src/Invoker.php(74): call_user_func_array(Array, Array)
#9 /app/vendor/php-di/php-di/src/Container.php(279): Invoker\\Invoker->call(Array, Array)
#10 /app/public/index.php(38): DI\\Container->call(Array, Array)
#11 {main}

[previous exception] [object] (Doctrine\\DBAL\\Driver\\PDO\\Exception(code: 1054): SQLSTATE[42S22]: Column not found: 1054 Unknown column 'jellyfin_webhook_uuid' in 'field list' at /app/vendor/doctrine/dbal/src/Driver/PDO/Exception.php:28)
[stacktrace]
#0 /app/vendor/doctrine/dbal/src/Driver/PDO/Statement.php(136): Doctrine\\DBAL\\Driver\\PDO\\Exception::new(Object(PDOException))
#1 /app/vendor/doctrine/dbal/src/Connection.php(1062): Doctrine\\DBAL\\Driver\\PDO\\Statement->execute()
#2 /app/vendor/doctrine/dbal/src/Connection.php(585): Doctrine\\DBAL\\Connection->executeQuery('SELECT `jellyfi...', Array, Array)
#3 /app/src/Domain/User/UserRepository.php(168): Doctrine\\DBAL\\Connection->fetchOne('SELECT `jellyfi...', Array)
#4 /app/src/Domain/User/UserApi.php(90): Movary\\Domain\\User\\UserRepository->findJellyfinWebhookId(1)
#5 /app/src/HttpController/JellyfinController.php(40): Movary\\Domain\\User\\UserApi->findJellyfinWebhookId(1)
#6 [internal function]: Movary\\HttpController\\JellyfinController->getJellyfinWebhookId()
#7 /app/vendor/php-di/invoker/src/Invoker.php(74): call_user_func_array(Array, Array)
#8 /app/vendor/php-di/php-di/src/Container.php(279): Invoker\\Invoker->call(Array, Array)
#9 /app/public/index.php(38): DI\\Container->call(Array, Array)
#10 {main}

[previous exception] [object] (PDOException(code: 42S22): SQLSTATE[42S22]: Column not found: 1054 Unknown column 'jellyfin_webhook_uuid' in 'field list' at /app/vendor/doctrine/dbal/src/Driver/PDO/Statement.php:134)
[stacktrace]
#0 /app/vendor/doctrine/dbal/src/Driver/PDO/Statement.php(134): PDOStatement->execute(NULL)
#1 /app/vendor/doctrine/dbal/src/Connection.php(1062): Doctrine\\DBAL\\Driver\\PDO\\Statement->execute()
#2 /app/vendor/doctrine/dbal/src/Connection.php(585): Doctrine\\DBAL\\Connection->executeQuery('SELECT `jellyfi...', Array, Array)
#3 /app/src/Domain/User/UserRepository.php(168): Doctrine\\DBAL\\Connection->fetchOne('SELECT `jellyfi...', Array)
#4 /app/src/Domain/User/UserApi.php(90): Movary\\Domain\\User\\UserRepository->findJellyfinWebhookId(1)
#5 /app/src/HttpController/JellyfinController.php(40): Movary\\Domain\\User\\UserApi->findJellyfinWebhookId(1)
#6 [internal function]: Movary\\HttpController\\JellyfinController->getJellyfinWebhookId()
#7 /app/vendor/php-di/invoker/src/Invoker.php(74): call_user_func_array(Array, Array)
#8 /app/vendor/php-di/php-di/src/Container.php(279): Invoker\\Invoker->call(Array, Array)
#9 /app/public/index.php(38): DI\\Container->call(Array, Array)
#10 {main}
"} []
[2023-01-12T12:22:10.728622+01:00] movary.EMERGENCY: An exception occurred while executing a query: SQLSTATE[42S22]: Column not found: 1054 Unknown column 'jellyfin_webhook_uuid' in 'field list' {"exception":"[object] (Doctrine\\DBAL\\Exception\\InvalidFieldNameException(code: 1054): An exception occurred while executing a query: SQLSTATE[42S22]: Column not found: 1054 Unknown column 'jellyfin_webhook_uuid' in 'field list' at /app/vendor/doctrine/dbal/src/Driver/API/MySQL/ExceptionConverter.php:67)
[stacktrace]
#0 /app/vendor/doctrine/dbal/src/Connection.php(1907): Doctrine\\DBAL\\Driver\\API\\MySQL\\ExceptionConverter->convert(Object(Doctrine\\DBAL\\Driver\\PDO\\Exception), Object(Doctrine\\DBAL\\Query))
#1 /app/vendor/doctrine/dbal/src/Connection.php(1850): Doctrine\\DBAL\\Connection->handleDriverException(Object(Doctrine\\DBAL\\Driver\\PDO\\Exception), Object(Doctrine\\DBAL\\Query))
#2 /app/vendor/doctrine/dbal/src/Connection.php(1069): Doctrine\\DBAL\\Connection->convertExceptionDuringQuery(Object(Doctrine\\DBAL\\Driver\\PDO\\Exception), 'SELECT `jellyfi...', Array, Array)
#3 /app/vendor/doctrine/dbal/src/Connection.php(585): Doctrine\\DBAL\\Connection->executeQuery('SELECT `jellyfi...', Array, Array)
#4 /app/src/Domain/User/UserRepository.php(168): Doctrine\\DBAL\\Connection->fetchOne('SELECT `jellyfi...', Array)
#5 /app/src/Domain/User/UserApi.php(90): Movary\\Domain\\User\\UserRepository->findJellyfinWebhookId(1)
#6 /app/src/HttpController/JellyfinController.php(40): Movary\\Domain\\User\\UserApi->findJellyfinWebhookId(1)
#7 [internal function]: Movary\\HttpController\\JellyfinController->getJellyfinWebhookId()
#8 /app/vendor/php-di/invoker/src/Invoker.php(74): call_user_func_array(Array, Array)
#9 /app/vendor/php-di/php-di/src/Container.php(279): Invoker\\Invoker->call(Array, Array)
#10 /app/public/index.php(38): DI\\Container->call(Array, Array)
#11 {main}

[previous exception] [object] (Doctrine\\DBAL\\Driver\\PDO\\Exception(code: 1054): SQLSTATE[42S22]: Column not found: 1054 Unknown column 'jellyfin_webhook_uuid' in 'field list' at /app/vendor/doctrine/dbal/src/Driver/PDO/Exception.php:28)
[stacktrace]
#0 /app/vendor/doctrine/dbal/src/Driver/PDO/Statement.php(136): Doctrine\\DBAL\\Driver\\PDO\\Exception::new(Object(PDOException))
#1 /app/vendor/doctrine/dbal/src/Connection.php(1062): Doctrine\\DBAL\\Driver\\PDO\\Statement->execute()
#2 /app/vendor/doctrine/dbal/src/Connection.php(585): Doctrine\\DBAL\\Connection->executeQuery('SELECT `jellyfi...', Array, Array)
#3 /app/src/Domain/User/UserRepository.php(168): Doctrine\\DBAL\\Connection->fetchOne('SELECT `jellyfi...', Array)
#4 /app/src/Domain/User/UserApi.php(90): Movary\\Domain\\User\\UserRepository->findJellyfinWebhookId(1)
#5 /app/src/HttpController/JellyfinController.php(40): Movary\\Domain\\User\\UserApi->findJellyfinWebhookId(1)
#6 [internal function]: Movary\\HttpController\\JellyfinController->getJellyfinWebhookId()
#7 /app/vendor/php-di/invoker/src/Invoker.php(74): call_user_func_array(Array, Array)
#8 /app/vendor/php-di/php-di/src/Container.php(279): Invoker\\Invoker->call(Array, Array)
#9 /app/public/index.php(38): DI\\Container->call(Array, Array)
#10 {main}

[previous exception] [object] (PDOException(code: 42S22): SQLSTATE[42S22]: Column not found: 1054 Unknown column 'jellyfin_webhook_uuid' in 'field list' at /app/vendor/doctrine/dbal/src/Driver/PDO/Statement.php:134)
[stacktrace]
#0 /app/vendor/doctrine/dbal/src/Driver/PDO/Statement.php(134): PDOStatement->execute(NULL)
#1 /app/vendor/doctrine/dbal/src/Connection.php(1062): Doctrine\\DBAL\\Driver\\PDO\\Statement->execute()
#2 /app/vendor/doctrine/dbal/src/Connection.php(585): Doctrine\\DBAL\\Connection->executeQuery('SELECT `jellyfi...', Array, Array)
#3 /app/src/Domain/User/UserRepository.php(168): Doctrine\\DBAL\\Connection->fetchOne('SELECT `jellyfi...', Array)
#4 /app/src/Domain/User/UserApi.php(90): Movary\\Domain\\User\\UserRepository->findJellyfinWebhookId(1)
#5 /app/src/HttpController/JellyfinController.php(40): Movary\\Domain\\User\\UserApi->findJellyfinWebhookId(1)
#6 [internal function]: Movary\\HttpController\\JellyfinController->getJellyfinWebhookId()
#7 /app/vendor/php-di/invoker/src/Invoker.php(74): call_user_func_array(Array, Array)
#8 /app/vendor/php-di/php-di/src/Container.php(279): Invoker\\Invoker->call(Array, Array)
#9 /app/public/index.php(38): DI\\Container->call(Array, Array)
#10 {main}
"} []
[2023-01-12T12:22:15.588286+01:00] movary.EMERGENCY: An exception occurred while executing a query: SQLSTATE[42S22]: Column not found: 1054 Unknown column 'jellyfin_webhook_uuid' in 'field list' {"exception":"[object] (Doctrine\\DBAL\\Exception\\InvalidFieldNameException(code: 1054): An exception occurred while executing a query: SQLSTATE[42S22]: Column not found: 1054 Unknown column 'jellyfin_webhook_uuid' in 'field list' at /app/vendor/doctrine/dbal/src/Driver/API/MySQL/ExceptionConverter.php:67)
[stacktrace]
#0 /app/vendor/doctrine/dbal/src/Connection.php(1907): Doctrine\\DBAL\\Driver\\API\\MySQL\\ExceptionConverter->convert(Object(Doctrine\\DBAL\\Driver\\PDO\\Exception), Object(Doctrine\\DBAL\\Query))
#1 /app/vendor/doctrine/dbal/src/Connection.php(1850): Doctrine\\DBAL\\Connection->handleDriverException(Object(Doctrine\\DBAL\\Driver\\PDO\\Exception), Object(Doctrine\\DBAL\\Query))
#2 /app/vendor/doctrine/dbal/src/Connection.php(1069): Doctrine\\DBAL\\Connection->convertExceptionDuringQuery(Object(Doctrine\\DBAL\\Driver\\PDO\\Exception), 'SELECT `jellyfi...', Array, Array)
#3 /app/vendor/doctrine/dbal/src/Connection.php(585): Doctrine\\DBAL\\Connection->executeQuery('SELECT `jellyfi...', Array, Array)
#4 /app/src/Domain/User/UserRepository.php(168): Doctrine\\DBAL\\Connection->fetchOne('SELECT `jellyfi...', Array)
#5 /app/src/Domain/User/UserApi.php(90): Movary\\Domain\\User\\UserRepository->findJellyfinWebhookId(1)
#6 /app/src/HttpController/JellyfinController.php(40): Movary\\Domain\\User\\UserApi->findJellyfinWebhookId(1)
#7 [internal function]: Movary\\HttpController\\JellyfinController->getJellyfinWebhookId()
#8 /app/vendor/php-di/invoker/src/Invoker.php(74): call_user_func_array(Array, Array)
#9 /app/vendor/php-di/php-di/src/Container.php(279): Invoker\\Invoker->call(Array, Array)
#10 /app/public/index.php(38): DI\\Container->call(Array, Array)
#11 {main}

[previous exception] [object] (Doctrine\\DBAL\\Driver\\PDO\\Exception(code: 1054): SQLSTATE[42S22]: Column not found: 1054 Unknown column 'jellyfin_webhook_uuid' in 'field list' at /app/vendor/doctrine/dbal/src/Driver/PDO/Exception.php:28)
[stacktrace]
#0 /app/vendor/doctrine/dbal/src/Driver/PDO/Statement.php(136): Doctrine\\DBAL\\Driver\\PDO\\Exception::new(Object(PDOException))
#1 /app/vendor/doctrine/dbal/src/Connection.php(1062): Doctrine\\DBAL\\Driver\\PDO\\Statement->execute()
#2 /app/vendor/doctrine/dbal/src/Connection.php(585): Doctrine\\DBAL\\Connection->executeQuery('SELECT `jellyfi...', Array, Array)
#3 /app/src/Domain/User/UserRepository.php(168): Doctrine\\DBAL\\Connection->fetchOne('SELECT `jellyfi...', Array)
#4 /app/src/Domain/User/UserApi.php(90): Movary\\Domain\\User\\UserRepository->findJellyfinWebhookId(1)
#5 /app/src/HttpController/JellyfinController.php(40): Movary\\Domain\\User\\UserApi->findJellyfinWebhookId(1)
#6 [internal function]: Movary\\HttpController\\JellyfinController->getJellyfinWebhookId()
#7 /app/vendor/php-di/invoker/src/Invoker.php(74): call_user_func_array(Array, Array)
#8 /app/vendor/php-di/php-di/src/Container.php(279): Invoker\\Invoker->call(Array, Array)
#9 /app/public/index.php(38): DI\\Container->call(Array, Array)
#10 {main}

[previous exception] [object] (PDOException(code: 42S22): SQLSTATE[42S22]: Column not found: 1054 Unknown column 'jellyfin_webhook_uuid' in 'field list' at /app/vendor/doctrine/dbal/src/Driver/PDO/Statement.php:134)
[stacktrace]
#0 /app/vendor/doctrine/dbal/src/Driver/PDO/Statement.php(134): PDOStatement->execute(NULL)
#1 /app/vendor/doctrine/dbal/src/Connection.php(1062): Doctrine\\DBAL\\Driver\\PDO\\Statement->execute()
#2 /app/vendor/doctrine/dbal/src/Connection.php(585): Doctrine\\DBAL\\Connection->executeQuery('SELECT `jellyfi...', Array, Array)
#3 /app/src/Domain/User/UserRepository.php(168): Doctrine\\DBAL\\Connection->fetchOne('SELECT `jellyfi...', Array)
#4 /app/src/Domain/User/UserApi.php(90): Movary\\Domain\\User\\UserRepository->findJellyfinWebhookId(1)
#5 /app/src/HttpController/JellyfinController.php(40): Movary\\Domain\\User\\UserApi->findJellyfinWebhookId(1)
#6 [internal function]: Movary\\HttpController\\JellyfinController->getJellyfinWebhookId()
#7 /app/vendor/php-di/invoker/src/Invoker.php(74): call_user_func_array(Array, Array)
#8 /app/vendor/php-di/php-di/src/Container.php(279): Invoker\\Invoker->call(Array, Array)
#9 /app/public/index.php(38): DI\\Container->call(Array, Array)
#10 {main}
"} []
[2023-01-12T12:23:11.872568+01:00] movary.EMERGENCY: An exception occurred while executing a query: SQLSTATE[42S22]: Column not found: 1054 Unknown column 'jellyfin_webhook_uuid' in 'field list' {"exception":"[object] (Doctrine\\DBAL\\Exception\\InvalidFieldNameException(code: 1054): An exception occurred while executing a query: SQLSTATE[42S22]: Column not found: 1054 Unknown column 'jellyfin_webhook_uuid' in 'field list' at /app/vendor/doctrine/dbal/src/Driver/API/MySQL/ExceptionConverter.php:67)
[stacktrace]
#0 /app/vendor/doctrine/dbal/src/Connection.php(1907): Doctrine\\DBAL\\Driver\\API\\MySQL\\ExceptionConverter->convert(Object(Doctrine\\DBAL\\Driver\\PDO\\Exception), Object(Doctrine\\DBAL\\Query))
#1 /app/vendor/doctrine/dbal/src/Connection.php(1850): Doctrine\\DBAL\\Connection->handleDriverException(Object(Doctrine\\DBAL\\Driver\\PDO\\Exception), Object(Doctrine\\DBAL\\Query))
#2 /app/vendor/doctrine/dbal/src/Connection.php(1069): Doctrine\\DBAL\\Connection->convertExceptionDuringQuery(Object(Doctrine\\DBAL\\Driver\\PDO\\Exception), 'SELECT `jellyfi...', Array, Array)
#3 /app/vendor/doctrine/dbal/src/Connection.php(585): Doctrine\\DBAL\\Connection->executeQuery('SELECT `jellyfi...', Array, Array)
#4 /app/src/Domain/User/UserRepository.php(168): Doctrine\\DBAL\\Connection->fetchOne('SELECT `jellyfi...', Array)
#5 /app/src/Domain/User/UserApi.php(90): Movary\\Domain\\User\\UserRepository->findJellyfinWebhookId(1)
#6 /app/src/HttpController/JellyfinController.php(40): Movary\\Domain\\User\\UserApi->findJellyfinWebhookId(1)
#7 [internal function]: Movary\\HttpController\\JellyfinController->getJellyfinWebhookId()
#8 /app/vendor/php-di/invoker/src/Invoker.php(74): call_user_func_array(Array, Array)
#9 /app/vendor/php-di/php-di/src/Container.php(279): Invoker\\Invoker->call(Array, Array)
#10 /app/public/index.php(38): DI\\Container->call(Array, Array)
#11 {main}

[previous exception] [object] (Doctrine\\DBAL\\Driver\\PDO\\Exception(code: 1054): SQLSTATE[42S22]: Column not found: 1054 Unknown column 'jellyfin_webhook_uuid' in 'field list' at /app/vendor/doctrine/dbal/src/Driver/PDO/Exception.php:28)
[stacktrace]
#0 /app/vendor/doctrine/dbal/src/Driver/PDO/Statement.php(136): Doctrine\\DBAL\\Driver\\PDO\\Exception::new(Object(PDOException))
#1 /app/vendor/doctrine/dbal/src/Connection.php(1062): Doctrine\\DBAL\\Driver\\PDO\\Statement->execute()
#2 /app/vendor/doctrine/dbal/src/Connection.php(585): Doctrine\\DBAL\\Connection->executeQuery('SELECT `jellyfi...', Array, Array)
#3 /app/src/Domain/User/UserRepository.php(168): Doctrine\\DBAL\\Connection->fetchOne('SELECT `jellyfi...', Array)
#4 /app/src/Domain/User/UserApi.php(90): Movary\\Domain\\User\\UserRepository->findJellyfinWebhookId(1)
#5 /app/src/HttpController/JellyfinController.php(40): Movary\\Domain\\User\\UserApi->findJellyfinWebhookId(1)
#6 [internal function]: Movary\\HttpController\\JellyfinController->getJellyfinWebhookId()
#7 /app/vendor/php-di/invoker/src/Invoker.php(74): call_user_func_array(Array, Array)
#8 /app/vendor/php-di/php-di/src/Container.php(279): Invoker\\Invoker->call(Array, Array)
#9 /app/public/index.php(38): DI\\Container->call(Array, Array)
#10 {main}

[previous exception] [object] (PDOException(code: 42S22): SQLSTATE[42S22]: Column not found: 1054 Unknown column 'jellyfin_webhook_uuid' in 'field list' at /app/vendor/doctrine/dbal/src/Driver/PDO/Statement.php:134)
[stacktrace]
#0 /app/vendor/doctrine/dbal/src/Driver/PDO/Statement.php(134): PDOStatement->execute(NULL)
#1 /app/vendor/doctrine/dbal/src/Connection.php(1062): Doctrine\\DBAL\\Driver\\PDO\\Statement->execute()
#2 /app/vendor/doctrine/dbal/src/Connection.php(585): Doctrine\\DBAL\\Connection->executeQuery('SELECT `jellyfi...', Array, Array)
#3 /app/src/Domain/User/UserRepository.php(168): Doctrine\\DBAL\\Connection->fetchOne('SELECT `jellyfi...', Array)
#4 /app/src/Domain/User/UserApi.php(90): Movary\\Domain\\User\\UserRepository->findJellyfinWebhookId(1)
#5 /app/src/HttpController/JellyfinController.php(40): Movary\\Domain\\User\\UserApi->findJellyfinWebhookId(1)
#6 [internal function]: Movary\\HttpController\\JellyfinController->getJellyfinWebhookId()
#7 /app/vendor/php-di/invoker/src/Invoker.php(74): call_user_func_array(Array, Array)
#8 /app/vendor/php-di/php-di/src/Container.php(279): Invoker\\Invoker->call(Array, Array)
#9 /app/public/index.php(38): DI\\Container->call(Array, Array)
#10 {main}
"} []
